22:46:51 INFO  : Registering command handlers for SDK TCF services
22:46:53 INFO  : Launching XSCT server: xsct.bat -interactive C:\dev\workspace\zybo-lx\zybo-lx.sdk\temp_xsdb_launch_script.tcl
22:46:58 INFO  : XSCT server has started successfully.
22:47:16 INFO  : Successfully done setting XSCT server connection channel  
22:47:16 INFO  : Successfully done setting SDK workspace  
22:47:16 INFO  : Processing command line option -hwspec C:/dev/workspace/zybo-lx/zybo-lx.sdk/design_1_wrapper.hdf.
15:57:05 INFO  : Launching XSCT server: xsct.bat -interactive C:\dev\workspace\zybo-lx\zybo-lx.sdk\temp_xsdb_launch_script.tcl
15:57:09 INFO  : XSCT server has started successfully.
15:57:17 INFO  : Successfully done setting XSCT server connection channel  
15:57:17 INFO  : Successfully done setting SDK workspace  
15:57:23 INFO  : Registering command handlers for SDK TCF services
15:57:47 INFO  : Processing command line option -hwspec C:/dev/workspace/zybo-lx/zybo-lx.sdk/design_1_wrapper.hdf.
15:57:47 INFO  : Checking for hwspec changes in the project design_1_wrapper_hw_platform_0.
15:57:47 INFO  : SDK has detected change in the last modified timestamps for source hardware specification file Source:1512260020963,  Project:1509779092268
15:57:47 INFO  : The hardware specification for project 'design_1_wrapper_hw_platform_0' is different from C:/dev/workspace/zybo-lx/zybo-lx.sdk/design_1_wrapper.hdf.
15:57:47 INFO  : Copied contents of C:/dev/workspace/zybo-lx/zybo-lx.sdk/design_1_wrapper.hdf into \design_1_wrapper_hw_platform_0\system.hdf.
15:58:00 INFO  : Synchronizing projects in the workspace with the hardware platform specification changes.
15:58:01 INFO  : Clearing existing target manager status.
15:58:04 INFO  : Workspace synchronized with the new hardware specification file. Cleaning dependent projects...
15:58:04 WARN  : Linker script will not be updated automatically. Users need to update it manually.
